[2020-06-29T17:46:17.426-0530][0.017s] Heap region size: 1M
[2020-06-29T17:46:17.672-0530][0.263s] Using G1
[2020-06-29T17:46:17.672-0530][0.263s] Heap address: 0x00000007e0000000, size: 512 MB, Compressed Oops mode: Zero based, Oop shift amount: 3
[2020-06-29T17:46:18.246-0530][0.837s] GC(0) Pause Young (Normal) (G1 Evacuation Pause)
[2020-06-29T17:46:18.246-0530][0.837s] GC(0) Using 4 workers of 4 for evacuation
[2020-06-29T17:46:18.252-0530][0.843s] GC(0)   Pre Evacuate Collection Set: 0.0ms
[2020-06-29T17:46:18.252-0530][0.843s] GC(0)   Evacuate Collection Set: 4.3ms
[2020-06-29T17:46:18.252-0530][0.843s] GC(0)   Post Evacuate Collection Set: 0.9ms
[2020-06-29T17:46:18.252-0530][0.843s] GC(0)   Other: 0.3ms
[2020-06-29T17:46:18.252-0530][0.843s] GC(0) Eden regions: 25->0(304)
[2020-06-29T17:46:18.252-0530][0.843s] GC(0) Survivor regions: 0->3(4)
[2020-06-29T17:46:18.252-0530][0.843s] GC(0) Old regions: 0->0
[2020-06-29T17:46:18.252-0530][0.843s] GC(0) Humongous regions: 0->0
[2020-06-29T17:46:18.252-0530][0.843s] GC(0) Metaspace: 12131K->12131K(1060864K)
[2020-06-29T17:46:18.252-0530][0.843s] GC(0) Pause Young (Normal) (G1 Evacuation Pause) 25M->2M(512M) 5.775ms
[2020-06-29T17:46:18.252-0530][0.843s] GC(0) User=0.02s Sys=0.00s Real=0.01s
[2020-06-29T17:46:18.876-0530][1.467s] GC(1) Pause Young (Concurrent Start) (Metadata GC Threshold)
[2020-06-29T17:46:18.876-0530][1.467s] GC(1) Using 4 workers of 4 for evacuation
[2020-06-29T17:46:18.892-0530][1.483s] GC(1)   Pre Evacuate Collection Set: 0.0ms
[2020-06-29T17:46:18.892-0530][1.483s] GC(1)   Evacuate Collection Set: 14.9ms
[2020-06-29T17:46:18.892-0530][1.483s] GC(1)   Post Evacuate Collection Set: 0.5ms
[2020-06-29T17:46:18.892-0530][1.483s] GC(1)   Other: 0.2ms
[2020-06-29T17:46:18.892-0530][1.483s] GC(1) Eden regions: 27->0(32)
[2020-06-29T17:46:18.892-0530][1.483s] GC(1) Survivor regions: 3->12(39)
[2020-06-29T17:46:18.892-0530][1.483s] GC(1) Old regions: 0->0
[2020-06-29T17:46:18.892-0530][1.483s] GC(1) Humongous regions: 4->4
[2020-06-29T17:46:18.892-0530][1.483s] GC(1) Metaspace: 20610K->20610K(1069056K)
[2020-06-29T17:46:18.892-0530][1.483s] GC(1) Pause Young (Concurrent Start) (Metadata GC Threshold) 33M->15M(512M) 15.827ms
[2020-06-29T17:46:18.892-0530][1.483s] GC(1) User=0.05s Sys=0.00s Real=0.02s
[2020-06-29T17:46:18.892-0530][1.483s] GC(2) Concurrent Cycle
[2020-06-29T17:46:18.892-0530][1.483s] GC(2) Concurrent Clear Claimed Marks
[2020-06-29T17:46:18.892-0530][1.483s] GC(2) Concurrent Clear Claimed Marks 0.041ms
[2020-06-29T17:46:18.892-0530][1.483s] GC(2) Concurrent Scan Root Regions
[2020-06-29T17:46:18.901-0530][1.492s] GC(2) Concurrent Scan Root Regions 9.343ms
[2020-06-29T17:46:18.901-0530][1.492s] GC(2) Concurrent Mark (1.492s)
[2020-06-29T17:46:18.901-0530][1.492s] GC(2) Concurrent Mark From Roots
[2020-06-29T17:46:18.901-0530][1.492s] GC(2) Using 1 workers of 1 for marking
[2020-06-29T17:46:18.903-0530][1.495s] GC(2) Concurrent Mark From Roots 2.128ms
[2020-06-29T17:46:18.903-0530][1.495s] GC(2) Concurrent Preclean
[2020-06-29T17:46:18.903-0530][1.495s] GC(2) Concurrent Preclean 0.025ms
[2020-06-29T17:46:18.903-0530][1.495s] GC(2) Concurrent Mark (1.492s, 1.495s) 2.218ms
[2020-06-29T17:46:18.904-0530][1.495s] GC(2) Pause Remark
[2020-06-29T17:46:18.906-0530][1.497s] GC(2) Cleaned string and symbol table, strings: 10167 processed, 0 removed, symbols: 68073 processed, 10 removed
[2020-06-29T17:46:18.906-0530][1.497s] GC(2) Pause Remark 16M->16M(512M) 2.221ms
[2020-06-29T17:46:18.906-0530][1.497s] GC(2) User=0.01s Sys=0.00s Real=0.00s
[2020-06-29T17:46:18.906-0530][1.497s] GC(2) Concurrent Rebuild Remembered Sets
[2020-06-29T17:46:18.909-0530][1.500s] GC(2) Concurrent Rebuild Remembered Sets 3.185ms
[2020-06-29T17:46:18.909-0530][1.500s] GC(2) Pause Cleanup
[2020-06-29T17:46:18.909-0530][1.501s] GC(2) Pause Cleanup 16M->16M(512M) 0.112ms
[2020-06-29T17:46:18.909-0530][1.501s] GC(2) User=0.00s Sys=0.00s Real=0.00s
[2020-06-29T17:46:18.909-0530][1.501s] GC(2) Concurrent Cleanup for Next Mark
[2020-06-29T17:46:18.911-0530][1.502s] GC(2) Concurrent Cleanup for Next Mark 1.215ms
[2020-06-29T17:46:18.911-0530][1.502s] GC(2) Concurrent Cycle 19.005ms
[2020-06-29T17:46:19.330-0530][1.921s] GC(3) Pause Young (Normal) (G1 Evacuation Pause)
[2020-06-29T17:46:19.330-0530][1.921s] GC(3) Using 4 workers of 4 for evacuation
[2020-06-29T17:46:19.348-0530][1.939s] GC(3)   Pre Evacuate Collection Set: 0.0ms
[2020-06-29T17:46:19.348-0530][1.939s] GC(3)   Evacuate Collection Set: 17.6ms
[2020-06-29T17:46:19.348-0530][1.939s] GC(3)   Post Evacuate Collection Set: 0.3ms
[2020-06-29T17:46:19.348-0530][1.939s] GC(3)   Other: 0.3ms
[2020-06-29T17:46:19.348-0530][1.939s] GC(3) Eden regions: 29->0(39)
[2020-06-29T17:46:19.348-0530][1.939s] GC(3) Survivor regions: 12->6(6)
[2020-06-29T17:46:19.348-0530][1.939s] GC(3) Old regions: 0->13
[2020-06-29T17:46:19.348-0530][1.939s] GC(3) Humongous regions: 4->4
[2020-06-29T17:46:19.348-0530][1.939s] GC(3) Metaspace: 23637K->23637K(1071104K)
[2020-06-29T17:46:19.348-0530][1.940s] GC(3) Pause Young (Normal) (G1 Evacuation Pause) 44M->22M(512M) 18.362ms
[2020-06-29T17:46:19.348-0530][1.940s] GC(3) User=0.06s Sys=0.01s Real=0.01s
[2020-06-29T17:46:19.992-0530][2.583s] GC(4) Pause Young (Normal) (G1 Evacuation Pause)
[2020-06-29T17:46:19.992-0530][2.583s] GC(4) Using 4 workers of 4 for evacuation
[2020-06-29T17:46:19.997-0530][2.588s] GC(4)   Pre Evacuate Collection Set: 0.0ms
[2020-06-29T17:46:19.997-0530][2.588s] GC(4)   Evacuate Collection Set: 3.7ms
[2020-06-29T17:46:19.997-0530][2.588s] GC(4)   Post Evacuate Collection Set: 0.7ms
[2020-06-29T17:46:19.997-0530][2.588s] GC(4)   Other: 0.2ms
[2020-06-29T17:46:19.997-0530][2.588s] GC(4) Eden regions: 39->0(62)
[2020-06-29T17:46:19.997-0530][2.588s] GC(4) Survivor regions: 6->2(6)
[2020-06-29T17:46:19.997-0530][2.588s] GC(4) Old regions: 13->19
[2020-06-29T17:46:19.997-0530][2.588s] GC(4) Humongous regions: 4->4
[2020-06-29T17:46:19.997-0530][2.588s] GC(4) Metaspace: 28140K->28140K(1075200K)
[2020-06-29T17:46:19.997-0530][2.588s] GC(4) Pause Young (Normal) (G1 Evacuation Pause) 61M->23M(512M) 4.807ms
[2020-06-29T17:46:19.997-0530][2.588s] GC(4) User=0.02s Sys=0.00s Real=0.00s
[2020-06-29T17:46:20.865-0530][3.456s] GC(5) Pause Young (Concurrent Start) (Metadata GC Threshold)
[2020-06-29T17:46:20.865-0530][3.456s] GC(5) Using 4 workers of 4 for evacuation
[2020-06-29T17:46:20.871-0530][3.462s] GC(5)   Pre Evacuate Collection Set: 0.0ms
[2020-06-29T17:46:20.871-0530][3.462s] GC(5)   Evacuate Collection Set: 4.1ms
[2020-06-29T17:46:20.871-0530][3.462s] GC(5)   Post Evacuate Collection Set: 1.1ms
[2020-06-29T17:46:20.871-0530][3.462s] GC(5)   Other: 0.2ms
[2020-06-29T17:46:20.871-0530][3.462s] GC(5) Eden regions: 44->0(304)
[2020-06-29T17:46:20.871-0530][3.462s] GC(5) Survivor regions: 2->3(8)
[2020-06-29T17:46:20.871-0530][3.462s] GC(5) Old regions: 19->19
[2020-06-29T17:46:20.871-0530][3.462s] GC(5) Humongous regions: 4->4
[2020-06-29T17:46:20.871-0530][3.462s] GC(5) Metaspace: 34928K->34928K(1081344K)
[2020-06-29T17:46:20.871-0530][3.462s] GC(5) Pause Young (Concurrent Start) (Metadata GC Threshold) 67M->24M(512M) 5.504ms
[2020-06-29T17:46:20.871-0530][3.462s] GC(5) User=0.02s Sys=0.00s Real=0.01s
[2020-06-29T17:46:20.871-0530][3.462s] GC(6) Concurrent Cycle
[2020-06-29T17:46:20.871-0530][3.462s] GC(6) Concurrent Clear Claimed Marks
[2020-06-29T17:46:20.871-0530][3.462s] GC(6) Concurrent Clear Claimed Marks 0.043ms
[2020-06-29T17:46:20.871-0530][3.462s] GC(6) Concurrent Scan Root Regions
[2020-06-29T17:46:20.874-0530][3.465s] GC(6) Concurrent Scan Root Regions 3.255ms
[2020-06-29T17:46:20.874-0530][3.465s] GC(6) Concurrent Mark (3.465s)
[2020-06-29T17:46:20.874-0530][3.465s] GC(6) Concurrent Mark From Roots
[2020-06-29T17:46:20.874-0530][3.465s] GC(6) Using 1 workers of 1 for marking
[2020-06-29T17:46:20.919-0530][3.510s] GC(6) Concurrent Mark From Roots 44.391ms
[2020-06-29T17:46:20.919-0530][3.510s] GC(6) Concurrent Preclean
[2020-06-29T17:46:20.919-0530][3.510s] GC(6) Concurrent Preclean 0.127ms
[2020-06-29T17:46:20.919-0530][3.510s] GC(6) Concurrent Mark (3.465s, 3.510s) 44.614ms
[2020-06-29T17:46:20.919-0530][3.510s] GC(6) Pause Remark
[2020-06-29T17:46:20.923-0530][3.514s] GC(6) Cleaned string and symbol table, strings: 16532 processed, 22 removed, symbols: 115161 processed, 52 removed
[2020-06-29T17:46:20.923-0530][3.514s] GC(6) Pause Remark 27M->27M(512M) 4.331ms
[2020-06-29T17:46:20.923-0530][3.514s] GC(6) User=0.02s Sys=0.00s Real=0.01s
[2020-06-29T17:46:20.923-0530][3.514s] GC(6) Concurrent Rebuild Remembered Sets
[2020-06-29T17:46:20.964-0530][3.555s] GC(6) Concurrent Rebuild Remembered Sets 40.213ms
[2020-06-29T17:46:20.964-0530][3.555s] GC(6) Pause Cleanup
[2020-06-29T17:46:20.964-0530][3.555s] GC(6) Pause Cleanup 28M->28M(512M) 0.091ms
[2020-06-29T17:46:20.964-0530][3.555s] GC(6) User=0.00s Sys=0.00s Real=0.00s
[2020-06-29T17:46:20.964-0530][3.555s] GC(6) Concurrent Cleanup for Next Mark
[2020-06-29T17:46:20.965-0530][3.556s] GC(6) Concurrent Cleanup for Next Mark 1.183ms
[2020-06-29T17:46:20.965-0530][3.556s] GC(6) Concurrent Cycle 94.321ms
[2020-06-29T17:46:22.323-0530][4.915s] GC(7) Pause Young (Concurrent Start) (G1 Evacuation Pause)
[2020-06-29T17:46:22.324-0530][4.915s] GC(7) Using 4 workers of 4 for evacuation
[2020-06-29T17:46:22.347-0530][4.938s] GC(7)   Pre Evacuate Collection Set: 0.1ms
[2020-06-29T17:46:22.347-0530][4.938s] GC(7)   Evacuate Collection Set: 22.2ms
[2020-06-29T17:46:22.347-0530][4.938s] GC(7)   Post Evacuate Collection Set: 0.6ms
[2020-06-29T17:46:22.347-0530][4.938s] GC(7)   Other: 0.3ms
[2020-06-29T17:46:22.347-0530][4.938s] GC(7) Eden regions: 304->0(293)
[2020-06-29T17:46:22.347-0530][4.938s] GC(7) Survivor regions: 3->14(39)
[2020-06-29T17:46:22.347-0530][4.938s] GC(7) Old regions: 19->19
[2020-06-29T17:46:22.347-0530][4.938s] GC(7) Humongous regions: 6->5
[2020-06-29T17:46:22.347-0530][4.938s] GC(7) Metaspace: 43835K->43835K(1089536K)
[2020-06-29T17:46:22.347-0530][4.938s] GC(7) Pause Young (Concurrent Start) (G1 Evacuation Pause) 330M->36M(512M) 23.365ms
[2020-06-29T17:46:22.347-0530][4.938s] GC(7) User=0.04s Sys=0.00s Real=0.02s
[2020-06-29T17:46:22.347-0530][4.938s] GC(8) Concurrent Cycle
[2020-06-29T17:46:22.347-0530][4.938s] GC(8) Concurrent Clear Claimed Marks
[2020-06-29T17:46:22.347-0530][4.938s] GC(8) Concurrent Clear Claimed Marks 0.082ms
[2020-06-29T17:46:22.347-0530][4.938s] GC(8) Concurrent Scan Root Regions
[2020-06-29T17:46:22.357-0530][4.948s] GC(8) Concurrent Scan Root Regions 9.977ms
[2020-06-29T17:46:22.357-0530][4.948s] GC(8) Concurrent Mark (4.948s)
[2020-06-29T17:46:22.357-0530][4.948s] GC(8) Concurrent Mark From Roots
[2020-06-29T17:46:22.357-0530][4.948s] GC(8) Using 1 workers of 1 for marking
[2020-06-29T17:46:22.404-0530][4.995s] GC(8) Concurrent Mark From Roots 46.419ms
[2020-06-29T17:46:22.404-0530][4.995s] GC(8) Concurrent Preclean
[2020-06-29T17:46:22.404-0530][4.995s] GC(8) Concurrent Preclean 0.152ms
[2020-06-29T17:46:22.404-0530][4.995s] GC(8) Concurrent Mark (4.948s, 4.995s) 46.694ms
[2020-06-29T17:46:22.404-0530][4.995s] GC(8) Pause Remark
[2020-06-29T17:46:22.409-0530][5.000s] GC(8) Cleaned string and symbol table, strings: 20274 processed, 0 removed, symbols: 139465 processed, 94 removed
[2020-06-29T17:46:22.409-0530][5.000s] GC(8) Pause Remark 75M->75M(512M) 4.955ms
[2020-06-29T17:46:22.409-0530][5.000s] GC(8) User=0.02s Sys=0.00s Real=0.00s
[2020-06-29T17:46:22.409-0530][5.000s] GC(8) Concurrent Rebuild Remembered Sets
[2020-06-29T17:46:22.434-0530][5.025s] GC(8) Concurrent Rebuild Remembered Sets 25.083ms
[2020-06-29T17:46:22.434-0530][5.025s] GC(8) Pause Cleanup
[2020-06-29T17:46:22.434-0530][5.025s] GC(8) Pause Cleanup 102M->102M(512M) 0.095ms
[2020-06-29T17:46:22.434-0530][5.025s] GC(8) User=0.00s Sys=0.00s Real=0.00s
[2020-06-29T17:46:22.434-0530][5.025s] GC(8) Concurrent Cleanup for Next Mark
[2020-06-29T17:46:22.435-0530][5.026s] GC(8) Concurrent Cleanup for Next Mark 0.806ms
[2020-06-29T17:46:22.435-0530][5.026s] GC(8) Concurrent Cycle 88.338ms
[2020-06-29T17:46:22.874-0530][5.465s] GC(9) Pause Young (Normal) (G1 Evacuation Pause)
[2020-06-29T17:46:22.874-0530][5.465s] GC(9) Using 4 workers of 4 for evacuation
[2020-06-29T17:46:22.929-0530][5.520s] GC(9)   Pre Evacuate Collection Set: 0.0ms
[2020-06-29T17:46:22.929-0530][5.520s] GC(9)   Evacuate Collection Set: 38.2ms
[2020-06-29T17:46:22.929-0530][5.520s] GC(9)   Post Evacuate Collection Set: 17.1ms
[2020-06-29T17:46:22.929-0530][5.520s] GC(9)   Other: 0.4ms
[2020-06-29T17:46:22.929-0530][5.520s] GC(9) Eden regions: 293->0(293)
[2020-06-29T17:46:22.929-0530][5.520s] GC(9) Survivor regions: 14->14(39)
[2020-06-29T17:46:22.929-0530][5.520s] GC(9) Old regions: 19->19
[2020-06-29T17:46:22.929-0530][5.520s] GC(9) Humongous regions: 5->5
[2020-06-29T17:46:22.929-0530][5.520s] GC(9) Metaspace: 45454K->45454K(1091584K)
[2020-06-29T17:46:22.929-0530][5.520s] GC(9) Pause Young (Normal) (G1 Evacuation Pause) 329M->37M(512M) 55.860ms
[2020-06-29T17:46:22.929-0530][5.520s] GC(9) User=0.05s Sys=0.00s Real=0.05s
[2020-06-29T17:46:25.444-0530][8.035s] GC(10) Pause Young (Normal) (G1 Evacuation Pause)
[2020-06-29T17:46:25.444-0530][8.035s] GC(10) Using 4 workers of 4 for evacuation
[2020-06-29T17:46:25.467-0530][8.058s] GC(10)   Pre Evacuate Collection Set: 0.0ms
[2020-06-29T17:46:25.467-0530][8.058s] GC(10)   Evacuate Collection Set: 22.4ms
[2020-06-29T17:46:25.467-0530][8.058s] GC(10)   Post Evacuate Collection Set: 0.7ms
[2020-06-29T17:46:25.467-0530][8.058s] GC(10)   Other: 0.2ms
[2020-06-29T17:46:25.467-0530][8.058s] GC(10) Eden regions: 293->0(278)
[2020-06-29T17:46:25.467-0530][8.058s] GC(10) Survivor regions: 14->29(39)
[2020-06-29T17:46:25.467-0530][8.058s] GC(10) Old regions: 19->19
[2020-06-29T17:46:25.467-0530][8.058s] GC(10) Humongous regions: 5->5
[2020-06-29T17:46:25.467-0530][8.058s] GC(10) Metaspace: 54772K->54772K(1099776K)
[2020-06-29T17:46:25.467-0530][8.058s] GC(10) Pause Young (Normal) (G1 Evacuation Pause) 330M->51M(512M) 23.471ms
[2020-06-29T17:46:25.467-0530][8.058s] GC(10) User=0.09s Sys=0.00s Real=0.02s
[2020-06-29T17:46:25.582-0530][8.173s] GC(11) Pause Young (Normal) (G1 Evacuation Pause)
[2020-06-29T17:46:25.582-0530][8.173s] GC(11) Using 4 workers of 4 for evacuation
[2020-06-29T17:46:25.608-0530][8.199s] GC(11)   Pre Evacuate Collection Set: 0.0ms
[2020-06-29T17:46:25.608-0530][8.199s] GC(11)   Evacuate Collection Set: 25.8ms
[2020-06-29T17:46:25.608-0530][8.199s] GC(11)   Post Evacuate Collection Set: 0.5ms
[2020-06-29T17:46:25.608-0530][8.199s] GC(11)   Other: 0.2ms
[2020-06-29T17:46:25.608-0530][8.199s] GC(11) Eden regions: 278->0(287)
[2020-06-29T17:46:25.608-0530][8.199s] GC(11) Survivor regions: 29->20(39)
[2020-06-29T17:46:25.608-0530][8.199s] GC(11) Old regions: 19->30
[2020-06-29T17:46:25.608-0530][8.199s] GC(11) Humongous regions: 5->5
[2020-06-29T17:46:25.608-0530][8.199s] GC(11) Metaspace: 54979K->54979K(1099776K)
[2020-06-29T17:46:25.608-0530][8.199s] GC(11) Pause Young (Normal) (G1 Evacuation Pause) 329M->54M(512M) 26.675ms
[2020-06-29T17:46:25.608-0530][8.199s] GC(11) User=0.09s Sys=0.00s Real=0.02s
[2020-06-29T17:46:26.171-0530][8.762s] GC(12) Pause Young (Normal) (G1 Evacuation Pause)
[2020-06-29T17:46:26.172-0530][8.762s] GC(12) Using 4 workers of 4 for evacuation
[2020-06-29T17:46:26.199-0530][8.790s] GC(12)   Pre Evacuate Collection Set: 0.0ms
[2020-06-29T17:46:26.199-0530][8.790s] GC(12)   Evacuate Collection Set: 26.3ms
[2020-06-29T17:46:26.199-0530][8.790s] GC(12)   Post Evacuate Collection Set: 1.2ms
[2020-06-29T17:46:26.199-0530][8.790s] GC(12)   Other: 0.2ms
[2020-06-29T17:46:26.199-0530][8.790s] GC(12) Eden regions: 287->0(277)
[2020-06-29T17:46:26.199-0530][8.790s] GC(12) Survivor regions: 20->30(39)
[2020-06-29T17:46:26.199-0530][8.790s] GC(12) Old regions: 30->30
[2020-06-29T17:46:26.199-0530][8.790s] GC(12) Humongous regions: 5->5
[2020-06-29T17:46:26.199-0530][8.790s] GC(12) Metaspace: 55584K->55584K(1099776K)
[2020-06-29T17:46:26.199-0530][8.790s] GC(12) Pause Young (Normal) (G1 Evacuation Pause) 341M->64M(512M) 27.813ms
[2020-06-29T17:46:26.199-0530][8.790s] GC(12) User=0.11s Sys=0.00s Real=0.02s
