2020-06-27 13:41:25.677 INFO  (main) [   ] o.e.j.u.log Logging initialized @1918ms to org.eclipse.jetty.util.log.Slf4jLog
2020-06-27 13:41:26.034 INFO  (main) [   ] o.e.j.s.Server jetty-9.4.24.v20191120; built: 2019-11-20T21:37:49.771Z; git: 363d5f2df3a8a28de40604320230664b9c793c16; jvm 11.0.2+9-LTS
2020-06-27 13:41:26.065 INFO  (main) [   ] o.e.j.d.p.ScanningAppProvider Deployment monitor [file:///Users/osanda/Documents/S07/ML/Search-Engine-Sinhala-Songs/Solr-Engine/server/contexts/] at interval 0
2020-06-27 13:41:26.610 INFO  (main) [   ] o.e.j.w.StandardDescriptorProcessor NO JSP Support for /solr, did not find org.apache.jasper.servlet.JspServlet
2020-06-27 13:41:26.624 INFO  (main) [   ] o.e.j.s.session DefaultSessionIdManager workerName=node0
2020-06-27 13:41:26.625 INFO  (main) [   ] o.e.j.s.session No SessionScavenger set, using defaults
2020-06-27 13:41:26.629 INFO  (main) [   ] o.e.j.s.session node0 Scavenging every 600000ms
2020-06-27 13:41:26.749 INFO  (main) [   ] o.a.s.s.SolrDispatchFilter Using logger factory org.apache.logging.slf4j.Log4jLoggerFactory
2020-06-27 13:41:26.755 INFO  (main) [   ] o.a.s.s.SolrDispatchFilter  ___      _       Welcome to Apache Solr™ version 8.5.2
2020-06-27 13:41:26.755 INFO  (main) [   ] o.a.s.s.SolrDispatchFilter / __| ___| |_ _   Starting in standalone mode on port 8983
2020-06-27 13:41:26.755 INFO  (main) [   ] o.a.s.s.SolrDispatchFilter \__ \/ _ \ | '_|  Install dir: /Users/osanda/Documents/S07/ML/Search-Engine-Sinhala-Songs/Solr-Engine
2020-06-27 13:41:26.756 INFO  (main) [   ] o.a.s.s.SolrDispatchFilter |___/\___/_|_|    Start time: 2020-06-27T13:41:26.756010Z
2020-06-27 13:41:26.834 INFO  (main) [   ] o.a.s.c.SolrResourceLoader Using system property solr.solr.home: /Users/osanda/Documents/S07/ML/Search-Engine-Sinhala-Songs/Solr-Engine/server/solr
2020-06-27 13:41:26.848 INFO  (main) [   ] o.a.s.c.SolrXmlConfig Loading container configuration from /Users/osanda/Documents/S07/ML/Search-Engine-Sinhala-Songs/Solr-Engine/server/solr/solr.xml
2020-06-27 13:41:26.979 INFO  (main) [   ] o.a.s.c.SolrXmlConfig MBean server found: com.sun.jmx.mbeanserver.JmxMBeanServer@225129c, but no JMX reporters were configured - adding default JMX reporter.
2020-06-27 13:41:28.142 INFO  (main) [   ] o.a.s.h.c.HttpShardHandlerFactory Host whitelist initialized: WhitelistHostChecker [whitelistHosts=null, whitelistHostCheckingEnabled=true]
2020-06-27 13:41:28.456 WARN  (main) [   ] o.e.j.u.s.S.config Trusting all certificates configured for Client@a518813[provider=null,keyStore=null,trustStore=null]
2020-06-27 13:41:28.456 WARN  (main) [   ] o.e.j.u.s.S.config No Client EndPointIdentificationAlgorithm configured for Client@a518813[provider=null,keyStore=null,trustStore=null]
2020-06-27 13:41:28.768 WARN  (main) [   ] o.e.j.u.s.S.config Trusting all certificates configured for Client@6981f8f3[provider=null,keyStore=null,trustStore=null]
2020-06-27 13:41:28.769 WARN  (main) [   ] o.e.j.u.s.S.config No Client EndPointIdentificationAlgorithm configured for Client@6981f8f3[provider=null,keyStore=null,trustStore=null]
2020-06-27 13:41:28.794 WARN  (main) [   ] o.a.s.c.CoreContainer Not all security plugins configured!  authentication=disabled authorization=disabled.  Solr is only as secure as you make it. Consider configuring authentication/authorization before exposing Solr to users internal or external.  See https://s.apache.org/solrsecurity for more info
2020-06-27 13:41:29.016 INFO  (main) [   ] o.a.s.c.TransientSolrCoreCacheDefault Allocating transient cache for 2147483647 transient cores
2020-06-27 13:41:29.020 INFO  (main) [   ] o.a.s.h.a.MetricsHistoryHandler No .system collection, keeping metrics history in memory.
2020-06-27 13:41:29.125 INFO  (main) [   ] o.a.s.m.r.SolrJmxReporter JMX monitoring for 'solr.node' (registry 'solr.node') enabled at server: com.sun.jmx.mbeanserver.JmxMBeanServer@225129c
2020-06-27 13:41:29.125 INFO  (main) [   ] o.a.s.m.r.SolrJmxReporter JMX monitoring for 'solr.jvm' (registry 'solr.jvm') enabled at server: com.sun.jmx.mbeanserver.JmxMBeanServer@225129c
2020-06-27 13:41:29.132 INFO  (main) [   ] o.a.s.m.r.SolrJmxReporter JMX monitoring for 'solr.jetty' (registry 'solr.jetty') enabled at server: com.sun.jmx.mbeanserver.JmxMBeanServer@225129c
2020-06-27 13:41:29.219 INFO  (main) [   ] o.a.s.c.CorePropertiesLocator Found 3 core definitions underneath /Users/osanda/Documents/S07/ML/Search-Engine-Sinhala-Songs/Solr-Engine/server/solr
2020-06-27 13:41:29.220 INFO  (main) [   ] o.a.s.c.CorePropertiesLocator Cores are: [lyrics, songs, films]
2020-06-27 13:41:29.305 INFO  (coreLoadExecutor-9-thread-3) [   x:films] o.a.s.c.SolrConfig Using Lucene MatchVersion: 8.5.2
2020-06-27 13:41:29.306 INFO  (coreLoadExecutor-9-thread-2) [   x:songs] o.a.s.c.SolrConfig Using Lucene MatchVersion: 8.5.2
2020-06-27 13:41:29.319 INFO  (coreLoadExecutor-9-thread-1) [   x:lyrics] o.a.s.c.SolrResourceLoader [lyrics] Added 63 libs to classloader, from paths: [/Users/osanda/Documents/S07/ML/Search-Engine-Sinhala-Songs/Solr-Engine/contrib/clustering/lib, /Users/osanda/Documents/S07/ML/Search-Engine-Sinhala-Songs/Solr-Engine/contrib/extraction/lib, /Users/osanda/Documents/S07/ML/Search-Engine-Sinhala-Songs/Solr-Engine/contrib/langid/lib, /Users/osanda/Documents/S07/ML/Search-Engine-Sinhala-Songs/Solr-Engine/contrib/velocity/lib, /Users/osanda/Documents/S07/ML/Search-Engine-Sinhala-Songs/Solr-Engine/dist]
2020-06-27 13:41:29.548 INFO  (main) [   ] o.e.j.s.h.ContextHandler Started o.e.j.w.WebAppContext@4108fa66{/solr,file:///Users/osanda/Documents/S07/ML/Search-Engine-Sinhala-Songs/Solr-Engine/server/solr-webapp/webapp/,AVAILABLE}{/Users/osanda/Documents/S07/ML/Search-Engine-Sinhala-Songs/Solr-Engine/server/solr-webapp/webapp}
2020-06-27 13:41:29.578 INFO  (main) [   ] o.e.j.s.AbstractConnector Started ServerConnector@56f6d40b{HTTP/1.1,[http/1.1, h2c]}{0.0.0.0:8983}
2020-06-27 13:41:29.578 INFO  (main) [   ] o.e.j.s.Server Started @5825ms
2020-06-27 13:41:29.689 INFO  (coreLoadExecutor-9-thread-3) [   x:films] o.a.s.s.IndexSchema [films] Schema name=default-config
2020-06-27 13:41:29.689 INFO  (coreLoadExecutor-9-thread-2) [   x:songs] o.a.s.s.IndexSchema [songs] Schema name=default-config
2020-06-27 13:41:29.852 INFO  (coreLoadExecutor-9-thread-1) [   x:lyrics] o.a.s.c.SolrConfig Using Lucene MatchVersion: 8.1.1
2020-06-27 13:41:30.070 INFO  (coreLoadExecutor-9-thread-1) [   x:lyrics] o.a.s.s.IndexSchema [lyrics] Schema name=default-config
2020-06-27 13:41:30.834 INFO  (coreLoadExecutor-9-thread-2) [   x:songs] o.a.s.s.IndexSchema Loaded schema default-config/1.6 with uniqueid field id
2020-06-27 13:41:30.834 INFO  (coreLoadExecutor-9-thread-3) [   x:films] o.a.s.s.IndexSchema Loaded schema default-config/1.6 with uniqueid field id
2020-06-27 13:41:30.907 INFO  (coreLoadExecutor-9-thread-2) [   x:songs] o.a.s.c.CoreContainer Creating SolrCore 'songs' using configuration from instancedir /Users/osanda/Documents/S07/ML/Search-Engine-Sinhala-Songs/Solr-Engine/server/solr/songs, trusted=true
2020-06-27 13:41:30.934 INFO  (coreLoadExecutor-9-thread-3) [   x:films] o.a.s.c.CoreContainer Creating SolrCore 'films' using configuration from instancedir /Users/osanda/Documents/S07/ML/Search-Engine-Sinhala-Songs/Solr-Engine/server/solr/films, trusted=true
2020-06-27 13:41:30.951 INFO  (coreLoadExecutor-9-thread-2) [   x:songs] o.a.s.m.r.SolrJmxReporter JMX monitoring for 'solr.core.songs' (registry 'solr.core.songs') enabled at server: com.sun.jmx.mbeanserver.JmxMBeanServer@225129c
2020-06-27 13:41:30.952 INFO  (coreLoadExecutor-9-thread-3) [   x:films] o.a.s.m.r.SolrJmxReporter JMX monitoring for 'solr.core.films' (registry 'solr.core.films') enabled at server: com.sun.jmx.mbeanserver.JmxMBeanServer@225129c
2020-06-27 13:41:30.979 INFO  (coreLoadExecutor-9-thread-2) [   x:songs] o.a.s.c.SolrCore [[songs] ] Opening new SolrCore at [/Users/osanda/Documents/S07/ML/Search-Engine-Sinhala-Songs/Solr-Engine/server/solr/songs], dataDir=[/Users/osanda/Documents/S07/ML/Search-Engine-Sinhala-Songs/Solr-Engine/server/solr/songs/data/]
2020-06-27 13:41:30.981 INFO  (coreLoadExecutor-9-thread-3) [   x:films] o.a.s.c.SolrCore [[films] ] Opening new SolrCore at [/Users/osanda/Documents/S07/ML/Search-Engine-Sinhala-Songs/Solr-Engine/server/solr/films], dataDir=[/Users/osanda/Documents/S07/ML/Search-Engine-Sinhala-Songs/Solr-Engine/server/solr/films/data/]
2020-06-27 13:41:32.239 INFO  (coreLoadExecutor-9-thread-2) [   x:songs] o.a.s.u.UpdateHandler Using UpdateLog implementation: org.apache.solr.update.UpdateLog
2020-06-27 13:41:32.239 INFO  (coreLoadExecutor-9-thread-2) [   x:songs] o.a.s.u.UpdateLog Initializing UpdateLog: dataDir= defaultSyncLevel=FLUSH numRecordsToKeep=100 maxNumLogsToKeep=10 numVersionBuckets=65536
2020-06-27 13:41:32.244 INFO  (coreLoadExecutor-9-thread-3) [   x:films] o.a.s.u.UpdateHandler Using UpdateLog implementation: org.apache.solr.update.UpdateLog
2020-06-27 13:41:32.244 INFO  (coreLoadExecutor-9-thread-3) [   x:films] o.a.s.u.UpdateLog Initializing UpdateLog: dataDir= defaultSyncLevel=FLUSH numRecordsToKeep=100 maxNumLogsToKeep=10 numVersionBuckets=65536
2020-06-27 13:41:32.285 INFO  (coreLoadExecutor-9-thread-3) [   x:films] o.a.s.u.CommitTracker Hard AutoCommit: if uncommitted for 15000ms; 
2020-06-27 13:41:32.285 INFO  (coreLoadExecutor-9-thread-3) [   x:films] o.a.s.u.CommitTracker Soft AutoCommit: disabled
2020-06-27 13:41:32.291 INFO  (coreLoadExecutor-9-thread-2) [   x:songs] o.a.s.u.CommitTracker Hard AutoCommit: if uncommitted for 15000ms; 
2020-06-27 13:41:32.292 INFO  (coreLoadExecutor-9-thread-2) [   x:songs] o.a.s.u.CommitTracker Soft AutoCommit: disabled
2020-06-27 13:41:32.678 INFO  (coreLoadExecutor-9-thread-2) [   x:songs] o.a.s.s.SolrIndexSearcher Opening [Searcher@52a947c6[songs] main]
2020-06-27 13:41:32.678 INFO  (coreLoadExecutor-9-thread-3) [   x:films] o.a.s.s.SolrIndexSearcher Opening [Searcher@62be7c9e[films] main]
2020-06-27 13:41:32.698 INFO  (coreLoadExecutor-9-thread-3) [   x:films] o.a.s.r.ManagedResourceStorage File-based storage initialized to use dir: /Users/osanda/Documents/S07/ML/Search-Engine-Sinhala-Songs/Solr-Engine/server/solr/films/conf
2020-06-27 13:41:32.700 INFO  (coreLoadExecutor-9-thread-2) [   x:songs] o.a.s.r.ManagedResourceStorage File-based storage initialized to use dir: /Users/osanda/Documents/S07/ML/Search-Engine-Sinhala-Songs/Solr-Engine/server/solr/songs/conf
2020-06-27 13:41:32.753 INFO  (coreLoadExecutor-9-thread-3) [   x:films] o.a.s.h.c.SpellCheckComponent Initializing spell checkers
2020-06-27 13:41:32.753 INFO  (coreLoadExecutor-9-thread-2) [   x:songs] o.a.s.h.c.SpellCheckComponent Initializing spell checkers
2020-06-27 13:41:32.765 INFO  (coreLoadExecutor-9-thread-3) [   x:films] o.a.s.s.DirectSolrSpellChecker init: {name=default,field=_text_,classname=solr.DirectSolrSpellChecker,distanceMeasure=internal,accuracy=0.5,maxEdits=2,minPrefix=1,maxInspections=5,minQueryLength=4,maxQueryFrequency=0.01}
2020-06-27 13:41:32.765 INFO  (coreLoadExecutor-9-thread-2) [   x:songs] o.a.s.s.DirectSolrSpellChecker init: {name=default,field=_text_,classname=solr.DirectSolrSpellChecker,distanceMeasure=internal,accuracy=0.5,maxEdits=2,minPrefix=1,maxInspections=5,minQueryLength=4,maxQueryFrequency=0.01}
2020-06-27 13:41:32.783 INFO  (coreLoadExecutor-9-thread-3) [   x:films] o.a.s.h.ReplicationHandler Commits will be reserved for 10000ms.
2020-06-27 13:41:32.784 INFO  (coreLoadExecutor-9-thread-2) [   x:songs] o.a.s.h.ReplicationHandler Commits will be reserved for 10000ms.
2020-06-27 13:41:32.814 INFO  (searcherExecutor-10-thread-1-processing-x:songs) [   x:songs] o.a.s.c.QuerySenderListener QuerySenderListener sending requests to Searcher@52a947c6[songs] main{ExitableDirectoryReader(UninvertingDirectoryReader(Uninverting(_0(8.5.2):C2270:[diagnostics={java.vendor=Oracle Corporation, os=Mac OS X, java.version=11.0.2, java.vm.version=11.0.2+9-LTS, lucene.version=8.5.2, os.arch=x86_64, java.runtime.version=11.0.2+9-LTS, source=flush, os.version=10.15.5, timestamp=1593203488601}]:[attributes={Lucene50StoredFieldsFormat.mode=BEST_SPEED}])))}
2020-06-27 13:41:32.814 INFO  (searcherExecutor-11-thread-1-processing-x:films) [   x:films] o.a.s.c.QuerySenderListener QuerySenderListener sending requests to Searcher@62be7c9e[films] main{ExitableDirectoryReader(UninvertingDirectoryReader(Uninverting(_0(8.5.2):C1100:[diagnostics={java.vendor=Oracle Corporation, os=Mac OS X, java.version=11.0.2, java.vm.version=11.0.2+9-LTS, lucene.version=8.5.2, os.arch=x86_64, java.runtime.version=11.0.2+9-LTS, source=flush, os.version=10.15.5, timestamp=1593195066448}]:[attributes={Lucene50StoredFieldsFormat.mode=BEST_SPEED}])))}
2020-06-27 13:41:32.814 INFO  (searcherExecutor-10-thread-1-processing-x:songs) [   x:songs] o.a.s.c.QuerySenderListener QuerySenderListener done.
2020-06-27 13:41:32.814 INFO  (searcherExecutor-11-thread-1-processing-x:films) [   x:films] o.a.s.c.QuerySenderListener QuerySenderListener done.
2020-06-27 13:41:32.814 INFO  (searcherExecutor-10-thread-1-processing-x:songs) [   x:songs] o.a.s.h.c.SpellCheckComponent Loading spell index for spellchecker: default
2020-06-27 13:41:32.814 INFO  (searcherExecutor-11-thread-1-processing-x:films) [   x:films] o.a.s.h.c.SpellCheckComponent Loading spell index for spellchecker: default
2020-06-27 13:41:32.832 INFO  (searcherExecutor-11-thread-1-processing-x:films) [   x:films] o.a.s.c.SolrCore [films] Registered new searcher Searcher@62be7c9e[films] main{ExitableDirectoryReader(UninvertingDirectoryReader(Uninverting(_0(8.5.2):C1100:[diagnostics={java.vendor=Oracle Corporation, os=Mac OS X, java.version=11.0.2, java.vm.version=11.0.2+9-LTS, lucene.version=8.5.2, os.arch=x86_64, java.runtime.version=11.0.2+9-LTS, source=flush, os.version=10.15.5, timestamp=1593195066448}]:[attributes={Lucene50StoredFieldsFormat.mode=BEST_SPEED}])))}
2020-06-27 13:41:32.832 INFO  (searcherExecutor-10-thread-1-processing-x:songs) [   x:songs] o.a.s.c.SolrCore [songs] Registered new searcher Searcher@52a947c6[songs] main{ExitableDirectoryReader(UninvertingDirectoryReader(Uninverting(_0(8.5.2):C2270:[diagnostics={java.vendor=Oracle Corporation, os=Mac OS X, java.version=11.0.2, java.vm.version=11.0.2+9-LTS, lucene.version=8.5.2, os.arch=x86_64, java.runtime.version=11.0.2+9-LTS, source=flush, os.version=10.15.5, timestamp=1593203488601}]:[attributes={Lucene50StoredFieldsFormat.mode=BEST_SPEED}])))}
2020-06-27 13:41:33.989 INFO  (coreLoadExecutor-9-thread-1) [   x:lyrics] o.a.s.s.IndexSchema Loaded schema default-config/1.6 with uniqueid field id
2020-06-27 13:41:35.895 INFO  (qtp1757317128-22) [   ] o.a.s.s.HttpSolrCall [admin] webapp=null path=/admin/cores params={indexInfo=false&wt=json&_=1593265295008} status=0 QTime=5
2020-06-27 13:41:35.983 INFO  (qtp1757317128-44) [   ] o.a.s.s.HttpSolrCall [admin] webapp=null path=/admin/info/system params={wt=json&_=1593265295011} status=0 QTime=71
2020-06-27 13:41:35.983 INFO  (qtp1757317128-21) [   ] o.a.s.s.HttpSolrCall [admin] webapp=null path=/admin/info/system params={wt=json&_=1593265295011} status=0 QTime=78
2020-06-27 13:41:36.783 INFO  (coreLoadExecutor-9-thread-1) [   x:lyrics] o.a.s.c.CoreContainer Creating SolrCore 'lyrics' using configuration from instancedir /Users/osanda/Documents/S07/ML/Search-Engine-Sinhala-Songs/Solr-Engine/server/solr/lyrics, trusted=true
2020-06-27 13:41:36.783 INFO  (coreLoadExecutor-9-thread-1) [   x:lyrics] o.a.s.m.r.SolrJmxReporter JMX monitoring for 'solr.core.lyrics' (registry 'solr.core.lyrics') enabled at server: com.sun.jmx.mbeanserver.JmxMBeanServer@225129c
2020-06-27 13:41:36.784 INFO  (coreLoadExecutor-9-thread-1) [   x:lyrics] o.a.s.c.SolrCore [[lyrics] ] Opening new SolrCore at [/Users/osanda/Documents/S07/ML/Search-Engine-Sinhala-Songs/Solr-Engine/server/solr/lyrics], dataDir=[/Users/osanda/Documents/S07/ML/Search-Engine-Sinhala-Songs/Solr-Engine/server/solr/lyrics/data/]
2020-06-27 13:41:36.791 INFO  (coreLoadExecutor-9-thread-1) [   x:lyrics] o.a.s.r.XSLTResponseWriter xsltCacheLifetimeSeconds=5
2020-06-27 13:41:36.866 INFO  (coreLoadExecutor-9-thread-1) [   x:lyrics] o.a.s.u.UpdateHandler Using UpdateLog implementation: org.apache.solr.update.UpdateLog
2020-06-27 13:41:36.867 INFO  (coreLoadExecutor-9-thread-1) [   x:lyrics] o.a.s.u.UpdateLog Initializing UpdateLog: dataDir= defaultSyncLevel=FLUSH numRecordsToKeep=100 maxNumLogsToKeep=10 numVersionBuckets=65536
2020-06-27 13:41:36.875 INFO  (coreLoadExecutor-9-thread-1) [   x:lyrics] o.a.s.u.CommitTracker Hard AutoCommit: if uncommitted for 15000ms; 
2020-06-27 13:41:36.875 INFO  (coreLoadExecutor-9-thread-1) [   x:lyrics] o.a.s.u.CommitTracker Soft AutoCommit: disabled
2020-06-27 13:41:36.892 INFO  (coreLoadExecutor-9-thread-1) [   x:lyrics] o.a.s.s.SolrIndexSearcher Opening [Searcher@2a7ac45d[lyrics] main]
2020-06-27 13:41:36.893 INFO  (coreLoadExecutor-9-thread-1) [   x:lyrics] o.a.s.r.ManagedResourceStorage File-based storage initialized to use dir: /Users/osanda/Documents/S07/ML/Search-Engine-Sinhala-Songs/Solr-Engine/server/solr/lyrics/conf
2020-06-27 13:41:36.893 INFO  (coreLoadExecutor-9-thread-1) [   x:lyrics] o.a.s.h.c.SpellCheckComponent Initializing spell checkers
2020-06-27 13:41:36.893 INFO  (coreLoadExecutor-9-thread-1) [   x:lyrics] o.a.s.s.DirectSolrSpellChecker init: {name=default,field=_text_,classname=solr.DirectSolrSpellChecker,distanceMeasure=internal,accuracy=0.5,maxEdits=2,minPrefix=1,maxInspections=5,minQueryLength=4,maxQueryFrequency=0.01}
2020-06-27 13:41:36.894 INFO  (coreLoadExecutor-9-thread-1) [   x:lyrics] o.a.s.s.DirectSolrSpellChecker init: {name=default,field=song,classname=solr.DirectSolrSpellChecker,distanceMeasure=internal,accuracy=0.5,maxEdits=2,minPrefix=1,maxInspections=5,minQueryLength=4,maxQueryFrequency=0.01,thresholdTokenFrequency=0.01}
2020-06-27 13:41:36.897 INFO  (coreLoadExecutor-9-thread-1) [   x:lyrics] o.a.s.h.ReplicationHandler Commits will be reserved for 10000ms.
2020-06-27 13:41:36.900 INFO  (searcherExecutor-20-thread-1-processing-x:lyrics) [   x:lyrics] o.a.s.c.QuerySenderListener QuerySenderListener sending requests to Searcher@2a7ac45d[lyrics] main{ExitableDirectoryReader(UninvertingDirectoryReader(Uninverting(_b(8.1.1):C804:[diagnostics={java.vendor=Oracle Corporation, os=Windows 10, java.version=1.8.0_201, java.vm.version=25.201-b09, lucene.version=8.1.1, os.arch=amd64, java.runtime.version=1.8.0_201-b09, source=flush, os.version=10.0, timestamp=1562091299185}]:[attributes={Lucene50StoredFieldsFormat.mode=BEST_SPEED}])))}
2020-06-27 13:41:36.900 INFO  (searcherExecutor-20-thread-1-processing-x:lyrics) [   x:lyrics] o.a.s.c.QuerySenderListener QuerySenderListener done.
2020-06-27 13:41:36.900 INFO  (searcherExecutor-20-thread-1-processing-x:lyrics) [   x:lyrics] o.a.s.h.c.SpellCheckComponent Loading spell index for spellchecker: default
2020-06-27 13:41:36.900 INFO  (searcherExecutor-20-thread-1-processing-x:lyrics) [   x:lyrics] o.a.s.h.c.SpellCheckComponent Loading spell index for spellchecker: default
2020-06-27 13:41:36.903 INFO  (searcherExecutor-20-thread-1-processing-x:lyrics) [   x:lyrics] o.a.s.c.SolrCore [lyrics] Registered new searcher Searcher@2a7ac45d[lyrics] main{ExitableDirectoryReader(UninvertingDirectoryReader(Uninverting(_b(8.1.1):C804:[diagnostics={java.vendor=Oracle Corporation, os=Windows 10, java.version=1.8.0_201, java.vm.version=25.201-b09, lucene.version=8.1.1, os.arch=amd64, java.runtime.version=1.8.0_201-b09, source=flush, os.version=10.0, timestamp=1562091299185}]:[attributes={Lucene50StoredFieldsFormat.mode=BEST_SPEED}])))}
2020-06-27 13:41:39.436 INFO  (qtp1757317128-43) [   ] o.a.s.s.HttpSolrCall [admin] webapp=null path=/admin/cores params={indexInfo=false&wt=json&_=1593265295008} status=0 QTime=0
2020-06-27 13:41:39.448 INFO  (qtp1757317128-20) [   ] o.a.s.s.HttpSolrCall [admin] webapp=null path=/admin/info/system params={wt=json&_=1593265295011} status=0 QTime=4
2020-06-27 13:41:39.461 INFO  (qtp1757317128-24) [   ] o.a.s.s.HttpSolrCall [admin] webapp=null path=/admin/info/logging params={wt=json&_=1593265299409&since=0} status=0 QTime=1
2020-06-27 13:41:45.500 INFO  (qtp1757317128-24) [   ] o.a.s.s.HttpSolrCall [admin] webapp=null path=/admin/cores params={indexInfo=false&wt=json&_=1593265295008} status=0 QTime=0
2020-06-27 13:41:45.524 INFO  (qtp1757317128-24) [   x:lyrics] o.a.s.c.S.Request [lyrics]  webapp=/solr path=/admin/luke params={numTerms=0&show=index&wt=json&_=1593265305478} status=0 QTime=21
2020-06-27 13:41:45.530 INFO  (qtp1757317128-43) [   ] o.a.s.s.HttpSolrCall [admin] webapp=null path=/admin/info/system params={wt=json&_=1593265295011} status=0 QTime=29
2020-06-27 13:41:45.533 INFO  (qtp1757317128-15) [   x:lyrics] o.a.s.c.S.Request [lyrics]  webapp=/solr path=/admin/system params={wt=json&_=1593265305479} status=0 QTime=9
2020-06-27 13:41:45.547 INFO  (qtp1757317128-20) [   x:lyrics] o.a.s.c.S.Request [lyrics]  webapp=/solr path=/replication params={wt=json&command=details&_=1593265305479} status=0 QTime=19
2020-06-27 13:41:45.571 INFO  (qtp1757317128-24) [   x:lyrics] o.a.s.c.S.Request [lyrics]  webapp=/solr path=/admin/ping params={action=status&wt=json&_=1593265295011&ts=1593265295011} status=503 QTime=2
2020-06-27 13:41:56.433 INFO  (qtp1757317128-15) [   ] o.a.s.s.HttpSolrCall [admin] webapp=null path=/admin/cores params={indexInfo=false&wt=json&_=1593265295008} status=0 QTime=0
2020-06-27 13:41:56.456 INFO  (qtp1757317128-19) [   ] o.a.s.s.HttpSolrCall [admin] webapp=null path=/admin/info/system params={wt=json&_=1593265295011} status=0 QTime=7
2020-06-27 13:41:56.466 INFO  (qtp1757317128-15) [   x:lyrics] o.a.s.c.S.Request [lyrics]  webapp=/solr path=/admin/luke params={show=schema&wt=json&_=1593265305478} status=0 QTime=15
2020-06-27 13:42:00.933 INFO  (qtp1757317128-43) [   ] o.a.s.s.HttpSolrCall [admin] webapp=null path=/admin/cores params={indexInfo=false&wt=json&_=1593265295008} status=0 QTime=0
2020-06-27 13:42:00.945 INFO  (qtp1757317128-43) [   ] o.a.s.s.HttpSolrCall [admin] webapp=null path=/admin/info/system params={wt=json&_=1593265295011} status=0 QTime=6
2020-06-27 13:42:00.951 INFO  (qtp1757317128-24) [   x:lyrics] o.a.s.c.S.Request [lyrics]  webapp=/solr path=/admin/mbeans params={cat=QUERY&wt=json&_=1593265320910} status=0 QTime=1
2020-06-27 13:42:01.032 INFO  (qtp1757317128-15) [   ] o.a.s.s.HttpSolrCall [admin] webapp=null path=/admin/cores params={indexInfo=false&wt=json&_=1593265295008} status=0 QTime=0
2020-06-27 13:42:01.048 INFO  (qtp1757317128-43) [   x:lyrics] o.a.s.c.S.Request [lyrics]  webapp=/solr path=/admin/mbeans params={cat=QUERY&wt=json&_=1593265320910} status=0 QTime=0
2020-06-27 13:42:01.053 INFO  (qtp1757317128-24) [   ] o.a.s.s.HttpSolrCall [admin] webapp=null path=/admin/info/system params={wt=json&_=1593265295011} status=0 QTime=17
2020-06-27 13:42:02.243 INFO  (qtp1757317128-16) [   x:lyrics] o.a.s.c.S.Request [lyrics]  webapp=/solr path=/admin/luke params={show=schema&wt=json&_=1593265305478} status=0 QTime=2
2020-06-27 13:42:02.244 INFO  (qtp1757317128-24) [   ] o.a.s.s.HttpSolrCall [admin] webapp=null path=/admin/cores params={indexInfo=false&wt=json&_=1593265295008} status=0 QTime=0
2020-06-27 13:42:02.245 INFO  (qtp1757317128-19) [   ] o.a.s.s.HttpSolrCall [admin] webapp=null path=/admin/info/system params={wt=json&_=1593265295011} status=0 QTime=4
2020-06-27 13:42:07.316 INFO  (qtp1757317128-16) [   ] o.a.s.s.HttpSolrCall [admin] webapp=null path=/admin/cores params={indexInfo=false&wt=json&_=1593265295008} status=0 QTime=0
2020-06-27 13:42:07.326 INFO  (qtp1757317128-15) [   x:lyrics] o.a.s.c.S.Request [lyrics]  webapp=/solr path=/admin/luke params={show=schema&wt=json&_=1593265305478} status=0 QTime=2
2020-06-27 13:42:07.328 INFO  (qtp1757317128-24) [   ] o.a.s.s.HttpSolrCall [admin] webapp=null path=/admin/info/system params={wt=json&_=1593265295011} status=0 QTime=5
2020-06-27 13:42:08.261 INFO  (qtp1757317128-15) [   ] o.a.s.s.HttpSolrCall [admin] webapp=null path=/admin/cores params={indexInfo=false&wt=json&_=1593265295008} status=0 QTime=0
2020-06-27 13:42:08.267 INFO  (qtp1757317128-24) [   ] o.a.s.s.HttpSolrCall [admin] webapp=null path=/admin/info/system params={wt=json&_=1593265295011} status=0 QTime=4
2020-06-27 13:42:08.270 INFO  (qtp1757317128-16) [   x:lyrics] o.a.s.c.S.Request [lyrics]  webapp=/solr path=/admin/file params={wt=json&_=1593265328229} status=0 QTime=2
2020-06-27 13:42:08.295 INFO  (qtp1757317128-43) [   x:lyrics] o.a.s.c.S.Request [lyrics]  webapp=/solr path=/admin/file params={file=lang&wt=json&_=1593265328229} status=0 QTime=2
2020-06-27 13:42:10.536 INFO  (qtp1757317128-16) [   ] o.a.s.s.HttpSolrCall [admin] webapp=null path=/admin/cores params={indexInfo=false&wt=json&_=1593265295008} status=0 QTime=0
2020-06-27 13:42:10.540 INFO  (qtp1757317128-16) [   x:lyrics] o.a.s.c.S.Request [lyrics]  webapp=/solr path=/admin/file params={file=schema.xml.bak&contentType=text/plain;charset%3Dutf-8&wt=json&_=1593265328229} status=0 QTime=1
2020-06-27 13:42:10.541 INFO  (qtp1757317128-15) [   ] o.a.s.s.HttpSolrCall [admin] webapp=null path=/admin/info/system params={wt=json&_=1593265295011} status=0 QTime=5
2020-06-27 13:42:10.552 INFO  (qtp1757317128-24) [   x:lyrics] o.a.s.c.S.Request [lyrics]  webapp=/solr path=/admin/file params={wt=json&_=1593265328229} status=0 QTime=0
2020-06-27 13:42:10.614 INFO  (qtp1757317128-15) [   x:lyrics] o.a.s.c.S.Request [lyrics]  webapp=/solr path=/admin/file params={file=lang&wt=json&_=1593265328229} status=0 QTime=3
2020-06-27 13:42:12.884 INFO  (qtp1757317128-24) [   ] o.a.s.s.HttpSolrCall [admin] webapp=null path=/admin/cores params={indexInfo=false&wt=json&_=1593265295008} status=0 QTime=0
2020-06-27 13:42:12.904 INFO  (qtp1757317128-15) [   x:lyrics] o.a.s.c.S.Request [lyrics]  webapp=/solr path=/admin/file params={wt=json&_=1593265328229} status=0 QTime=1
2020-06-27 13:42:12.915 INFO  (qtp1757317128-43) [   ] o.a.s.s.HttpSolrCall [admin] webapp=null path=/admin/info/system params={wt=json&_=1593265295011} status=0 QTime=14
2020-06-27 13:42:12.916 INFO  (qtp1757317128-15) [   x:lyrics] o.a.s.c.S.Request [lyrics]  webapp=/solr path=/admin/file params={file=si_LK.aff&contentType=text/plain;charset%3Dutf-8&wt=json&_=1593265328229} status=0 QTime=0
2020-06-27 13:42:12.954 INFO  (qtp1757317128-15) [   x:lyrics] o.a.s.c.S.Request [lyrics]  webapp=/solr path=/admin/file params={file=lang&wt=json&_=1593265328229} status=0 QTime=3
2020-06-27 13:42:26.281 INFO  (qtp1757317128-43) [   ] o.a.s.s.HttpSolrCall [admin] webapp=null path=/admin/cores params={indexInfo=false&wt=json&_=1593265295008} status=0 QTime=0
2020-06-27 13:42:26.285 INFO  (qtp1757317128-24) [   x:lyrics] o.a.s.c.S.Request [lyrics]  webapp=/solr path=/admin/file params={wt=json&_=1593265328229} status=0 QTime=1
2020-06-27 13:42:26.287 INFO  (qtp1757317128-15) [   ] o.a.s.s.HttpSolrCall [admin] webapp=null path=/admin/info/system params={wt=json&_=1593265295011} status=0 QTime=4
2020-06-27 13:42:26.297 INFO  (qtp1757317128-24) [   x:lyrics] o.a.s.c.S.Request [lyrics]  webapp=/solr path=/admin/file params={file=si_LK.dic&contentType=text/plain;charset%3Dutf-8&wt=json&_=1593265328229} status=0 QTime=0
2020-06-27 13:42:26.325 INFO  (qtp1757317128-15) [   x:lyrics] o.a.s.c.S.Request [lyrics]  webapp=/solr path=/admin/file params={file=lang&wt=json&_=1593265328229} status=0 QTime=3
2020-06-27 13:42:46.234 INFO  (qtp1757317128-19) [   ] o.a.s.s.HttpSolrCall [admin] webapp=null path=/admin/cores params={indexInfo=false&wt=json&_=1593265295008} status=0 QTime=0
2020-06-27 13:42:46.236 INFO  (qtp1757317128-43) [   x:lyrics] o.a.s.c.S.Request [lyrics]  webapp=/solr path=/admin/file params={file=solrconfig.xml&contentType=text/xml;charset%3Dutf-8&wt=json&_=1593265328229} status=0 QTime=0
2020-06-27 13:42:46.240 INFO  (qtp1757317128-24) [   x:lyrics] o.a.s.c.S.Request [lyrics]  webapp=/solr path=/admin/file params={wt=json&_=1593265328229} status=0 QTime=1
2020-06-27 13:42:46.246 INFO  (qtp1757317128-19) [   ] o.a.s.s.HttpSolrCall [admin] webapp=null path=/admin/info/system params={wt=json&_=1593265295011} status=0 QTime=10
2020-06-27 13:42:46.306 INFO  (qtp1757317128-19) [   x:lyrics] o.a.s.c.S.Request [lyrics]  webapp=/solr path=/admin/file params={file=lang&wt=json&_=1593265328229} status=0 QTime=3
2020-06-27 13:43:05.797 INFO  (qtp1757317128-15) [   ] o.a.s.s.HttpSolrCall [admin] webapp=null path=/admin/cores params={indexInfo=false&wt=json&_=1593265295008} status=0 QTime=0
2020-06-27 13:43:05.806 INFO  (qtp1757317128-24) [   ] o.a.s.s.HttpSolrCall [admin] webapp=null path=/admin/info/system params={wt=json&_=1593265295011} status=0 QTime=5
2020-06-27 13:43:05.816 INFO  (qtp1757317128-15) [   x:lyrics] o.a.s.c.S.Request [lyrics]  webapp=/solr path=/admin/file params={file=stopwords_title.txt&contentType=text/plain;charset%3Dutf-8&wt=json&_=1593265328229} status=0 QTime=0
2020-06-27 13:43:05.820 INFO  (qtp1757317128-19) [   x:lyrics] o.a.s.c.S.Request [lyrics]  webapp=/solr path=/admin/file params={wt=json&_=1593265328229} status=0 QTime=2
2020-06-27 13:43:05.857 INFO  (qtp1757317128-24) [   x:lyrics] o.a.s.c.S.Request [lyrics]  webapp=/solr path=/admin/file params={file=lang&wt=json&_=1593265328229} status=0 QTime=3
2020-06-27 13:43:07.303 INFO  (qtp1757317128-15) [   ] o.a.s.s.HttpSolrCall [admin] webapp=null path=/admin/cores params={indexInfo=false&wt=json&_=1593265295008} status=0 QTime=0
2020-06-27 13:43:07.303 INFO  (qtp1757317128-43) [   x:lyrics] o.a.s.c.S.Request [lyrics]  webapp=/solr path=/admin/file params={file=stopwords_artist.txt&contentType=text/plain;charset%3Dutf-8&wt=json&_=1593265328229} status=0 QTime=0
2020-06-27 13:43:07.306 INFO  (qtp1757317128-15) [   x:lyrics] o.a.s.c.S.Request [lyrics]  webapp=/solr path=/admin/file params={wt=json&_=1593265328229} status=0 QTime=1
2020-06-27 13:43:07.311 INFO  (qtp1757317128-43) [   ] o.a.s.s.HttpSolrCall [admin] webapp=null path=/admin/info/system params={wt=json&_=1593265295011} status=0 QTime=6
2020-06-27 13:43:07.352 INFO  (qtp1757317128-43) [   x:lyrics] o.a.s.c.S.Request [lyrics]  webapp=/solr path=/admin/file params={file=lang&wt=json&_=1593265328229} status=0 QTime=4
2020-06-27 13:43:08.087 INFO  (qtp1757317128-19) [   ] o.a.s.s.HttpSolrCall [admin] webapp=null path=/admin/cores params={indexInfo=false&wt=json&_=1593265295008} status=0 QTime=0
2020-06-27 13:43:08.095 INFO  (qtp1757317128-15) [   ] o.a.s.s.HttpSolrCall [admin] webapp=null path=/admin/info/system params={wt=json&_=1593265295011} status=0 QTime=3
2020-06-27 13:43:08.099 INFO  (qtp1757317128-15) [   x:lyrics] o.a.s.c.S.Request [lyrics]  webapp=/solr path=/admin/file params={wt=json&_=1593265328229} status=0 QTime=1
2020-06-27 13:43:08.113 INFO  (qtp1757317128-15) [   x:lyrics] o.a.s.c.S.Request [lyrics]  webapp=/solr path=/admin/file params={file=stopwords_lyrics.txt&contentType=text/plain;charset%3Dutf-8&wt=json&_=1593265328229} status=0 QTime=0
2020-06-27 13:43:08.149 INFO  (qtp1757317128-43) [   x:lyrics] o.a.s.c.S.Request [lyrics]  webapp=/solr path=/admin/file params={file=lang&wt=json&_=1593265328229} status=0 QTime=3
2020-06-27 13:43:09.100 INFO  (qtp1757317128-15) [   ] o.a.s.s.HttpSolrCall [admin] webapp=null path=/admin/cores params={indexInfo=false&wt=json&_=1593265295008} status=0 QTime=0
2020-06-27 13:43:09.111 INFO  (qtp1757317128-19) [   x:lyrics] o.a.s.c.S.Request [lyrics]  webapp=/solr path=/admin/file params={file=stopwords_artist.txt&contentType=text/plain;charset%3Dutf-8&wt=json&_=1593265328229} status=0 QTime=0
2020-06-27 13:43:09.113 INFO  (qtp1757317128-24) [   x:lyrics] o.a.s.c.S.Request [lyrics]  webapp=/solr path=/admin/file params={wt=json&_=1593265328229} status=0 QTime=1
2020-06-27 13:43:09.113 INFO  (qtp1757317128-43) [   ] o.a.s.s.HttpSolrCall [admin] webapp=null path=/admin/info/system params={wt=json&_=1593265295011} status=0 QTime=4
2020-06-27 13:43:09.159 INFO  (qtp1757317128-15) [   x:lyrics] o.a.s.c.S.Request [lyrics]  webapp=/solr path=/admin/file params={file=lang&wt=json&_=1593265328229} status=0 QTime=2
2020-06-27 13:43:09.986 INFO  (qtp1757317128-24) [   ] o.a.s.s.HttpSolrCall [admin] webapp=null path=/admin/cores params={indexInfo=false&wt=json&_=1593265295008} status=0 QTime=0
2020-06-27 13:43:09.988 INFO  (qtp1757317128-19) [   x:lyrics] o.a.s.c.S.Request [lyrics]  webapp=/solr path=/admin/file params={wt=json&_=1593265328229} status=0 QTime=1
2020-06-27 13:43:09.991 INFO  (qtp1757317128-16) [   x:lyrics] o.a.s.c.S.Request [lyrics]  webapp=/solr path=/admin/file params={file=synonyms.txt&contentType=text/plain;charset%3Dutf-8&wt=json&_=1593265328229} status=0 QTime=4
2020-06-27 13:43:09.998 INFO  (qtp1757317128-15) [   ] o.a.s.s.HttpSolrCall [admin] webapp=null path=/admin/info/system params={wt=json&_=1593265295011} status=0 QTime=8
2020-06-27 13:43:10.034 INFO  (qtp1757317128-19) [   x:lyrics] o.a.s.c.S.Request [lyrics]  webapp=/solr path=/admin/file params={file=lang&wt=json&_=1593265328229} status=0 QTime=3
2020-06-27 13:43:11.436 INFO  (qtp1757317128-16) [   x:lyrics] o.a.s.c.S.Request [lyrics]  webapp=/solr path=/admin/file params={wt=json&_=1593265328229} status=0 QTime=1
2020-06-27 13:43:11.440 INFO  (qtp1757317128-22) [   x:lyrics] o.a.s.c.S.Request [lyrics]  webapp=/solr path=/admin/file params={file=synonyms_artist.txt&contentType=text/plain;charset%3Dutf-8&wt=json&_=1593265328229} status=0 QTime=0
2020-06-27 13:43:11.439 INFO  (qtp1757317128-24) [   ] o.a.s.s.HttpSolrCall [admin] webapp=null path=/admin/info/system params={wt=json&_=1593265295011} status=0 QTime=4
2020-06-27 13:43:11.438 INFO  (qtp1757317128-19) [   ] o.a.s.s.HttpSolrCall [admin] webapp=null path=/admin/cores params={indexInfo=false&wt=json&_=1593265295008} status=0 QTime=0
2020-06-27 13:43:11.493 INFO  (qtp1757317128-22) [   x:lyrics] o.a.s.c.S.Request [lyrics]  webapp=/solr path=/admin/file params={file=lang&wt=json&_=1593265328229} status=0 QTime=3
2020-06-27 13:43:16.535 INFO  (qtp1757317128-16) [   ] o.a.s.s.HttpSolrCall [admin] webapp=null path=/admin/cores params={indexInfo=false&wt=json&_=1593265295008} status=0 QTime=0
2020-06-27 13:43:16.537 INFO  (qtp1757317128-16) [   x:lyrics] o.a.s.c.S.Request [lyrics]  webapp=/solr path=/admin/file params={file=synonyms_lyrics.txt&contentType=text/plain;charset%3Dutf-8&wt=json&_=1593265328229} status=0 QTime=0
2020-06-27 13:43:16.539 INFO  (qtp1757317128-24) [   x:lyrics] o.a.s.c.S.Request [lyrics]  webapp=/solr path=/admin/file params={wt=json&_=1593265328229} status=0 QTime=1
2020-06-27 13:43:16.539 INFO  (qtp1757317128-43) [   ] o.a.s.s.HttpSolrCall [admin] webapp=null path=/admin/info/system params={wt=json&_=1593265295011} status=0 QTime=4
2020-06-27 13:43:16.584 INFO  (qtp1757317128-24) [   x:lyrics] o.a.s.c.S.Request [lyrics]  webapp=/solr path=/admin/file params={file=lang&wt=json&_=1593265328229} status=0 QTime=3
2020-06-27 13:43:18.919 INFO  (qtp1757317128-22) [   ] o.a.s.s.HttpSolrCall [admin] webapp=null path=/admin/cores params={indexInfo=false&wt=json&_=1593265295008} status=0 QTime=0
2020-06-27 13:43:18.920 INFO  (qtp1757317128-16) [   x:lyrics] o.a.s.c.S.Request [lyrics]  webapp=/solr path=/admin/file params={file=synonyms_title.txt&contentType=text/plain;charset%3Dutf-8&wt=json&_=1593265328229} status=0 QTime=0
2020-06-27 13:43:18.922 INFO  (qtp1757317128-22) [   x:lyrics] o.a.s.c.S.Request [lyrics]  webapp=/solr path=/admin/file params={wt=json&_=1593265328229} status=0 QTime=1
2020-06-27 13:43:18.930 INFO  (qtp1757317128-16) [   ] o.a.s.s.HttpSolrCall [admin] webapp=null path=/admin/info/system params={wt=json&_=1593265295011} status=0 QTime=8
2020-06-27 13:43:18.971 INFO  (qtp1757317128-24) [   x:lyrics] o.a.s.c.S.Request [lyrics]  webapp=/solr path=/admin/file params={file=lang&wt=json&_=1593265328229} status=0 QTime=3
2020-06-27 13:43:22.083 INFO  (qtp1757317128-44) [   ] o.a.s.s.HttpSolrCall [admin] webapp=null path=/admin/cores params={indexInfo=false&wt=json&_=1593265295008} status=0 QTime=0
2020-06-27 13:43:22.097 INFO  (qtp1757317128-24) [   ] o.a.s.s.HttpSolrCall [admin] webapp=null path=/admin/info/system params={wt=json&_=1593265295011} status=0 QTime=3
2020-06-27 13:43:22.158 INFO  (qtp1757317128-24) [   x:lyrics] o.a.s.c.S.Request [lyrics]  webapp=/solr path=/admin/mbeans params={stats=true&wt=json&_=1593265320910} status=0 QTime=39
2020-06-27 13:43:26.026 INFO  (qtp1757317128-24) [   ] o.a.s.s.HttpSolrCall [admin] webapp=null path=/admin/cores params={indexInfo=false&wt=json&_=1593265295008} status=0 QTime=0
2020-06-27 13:43:26.036 INFO  (qtp1757317128-22) [   ] o.a.s.s.HttpSolrCall [admin] webapp=null path=/admin/info/system params={wt=json&_=1593265295011} status=0 QTime=4
2020-06-27 13:43:30.570 INFO  (qtp1757317128-44) [   x:lyrics] o.a.s.c.S.Request [lyrics]  webapp=/solr path=/select params={q=*:*&_=1593265405975} hits=804 status=0 QTime=64
2020-06-27 13:46:56.098 INFO  (qtp1757317128-19) [   ] o.a.s.s.HttpSolrCall [admin] webapp=null path=/admin/cores params={indexInfo=false&wt=json&_=1593265295008} status=0 QTime=2
2020-06-27 13:46:56.111 INFO  (qtp1757317128-43) [   ] o.a.s.s.HttpSolrCall [admin] webapp=null path=/admin/info/system params={wt=json&_=1593265295011} status=0 QTime=13
2020-06-27 13:46:56.133 INFO  (qtp1757317128-44) [   x:lyrics] o.a.s.c.S.Request [lyrics]  webapp=/solr path=/replication params={wt=json&command=details&_=1593265305479} status=0 QTime=5
2020-06-27 13:46:58.648 INFO  (qtp1757317128-44) [   ] o.a.s.s.HttpSolrCall [admin] webapp=null path=/admin/cores params={indexInfo=false&wt=json&_=1593265295008} status=0 QTime=0
2020-06-27 13:46:58.662 INFO  (qtp1757317128-43) [   ] o.a.s.s.HttpSolrCall [admin] webapp=null path=/admin/info/system params={wt=json&_=1593265295011} status=0 QTime=5
2020-06-27 13:46:58.679 INFO  (qtp1757317128-44) [   x:lyrics] o.a.s.c.S.Request [lyrics]  webapp=/solr path=/admin/luke params={show=schema&wt=json&_=1593265305478} status=0 QTime=6
2020-06-27 13:46:58.702 INFO  (qtp1757317128-23) [   x:lyrics] o.a.s.c.S.Request [lyrics]  webapp=/solr path=/config params={wt=json&_=1593265618606} status=0 QTime=18
2020-06-27 13:46:58.828 INFO  (qtp1757317128-19) [   x:lyrics] o.a.s.c.S.Request [lyrics]  webapp=/solr path=/admin/luke params={numTerms=0&wt=json&_=1593265305478} status=0 QTime=34
2020-06-27 13:47:02.444 INFO  (qtp1757317128-23) [   ] o.a.s.s.HttpSolrCall [admin] webapp=null path=/admin/cores params={indexInfo=false&wt=json&_=1593265295008} status=0 QTime=0
2020-06-27 13:47:02.452 INFO  (qtp1757317128-43) [   ] o.a.s.s.HttpSolrCall [admin] webapp=null path=/admin/info/system params={wt=json&_=1593265295011} status=0 QTime=5
2020-06-27 13:47:02.467 INFO  (qtp1757317128-23) [   x:lyrics] o.a.s.c.S.Request [lyrics]  webapp=/solr path=/config params={wt=json&_=1593265618606} status=0 QTime=1
2020-06-27 13:47:02.478 INFO  (qtp1757317128-43) [   x:lyrics] o.a.s.c.S.Request [lyrics]  webapp=/solr path=/admin/luke params={show=schema&wt=json&_=1593265305478} status=0 QTime=2
2020-06-27 13:47:02.552 INFO  (qtp1757317128-19) [   x:lyrics] o.a.s.c.S.Request [lyrics]  webapp=/solr path=/admin/luke params={numTerms=0&wt=json&_=1593265305478} status=0 QTime=8
2020-06-27 13:47:06.550 INFO  (qtp1757317128-43) [   ] o.a.s.s.HttpSolrCall [admin] webapp=null path=/admin/cores params={indexInfo=false&wt=json&_=1593265295008} status=0 QTime=0
2020-06-27 13:47:06.568 INFO  (qtp1757317128-19) [   ] o.a.s.s.HttpSolrCall [admin] webapp=null path=/admin/info/system params={wt=json&_=1593265295011} status=0 QTime=7
2020-06-27 13:47:06.607 INFO  (qtp1757317128-43) [   x:lyrics] o.a.s.c.S.Request [lyrics]  webapp=/solr path=/admin/segments params={wt=json&_=1593265626540} status=0 QTime=37
2020-06-27 13:47:08.771 INFO  (qtp1757317128-23) [   ] o.a.s.s.HttpSolrCall [admin] webapp=null path=/admin/cores params={indexInfo=false&wt=json&_=1593265295008} status=0 QTime=0
2020-06-27 13:47:08.793 INFO  (qtp1757317128-44) [   x:lyrics] o.a.s.c.S.Request [lyrics]  webapp=/solr path=/replication params={wt=json&command=details&_=1593265305479} status=0 QTime=2
2020-06-27 13:47:08.793 INFO  (qtp1757317128-23) [   x:lyrics] o.a.s.c.S.Request [lyrics]  webapp=/solr path=/admin/luke params={numTerms=0&show=index&wt=json&_=1593265305478} status=0 QTime=0
2020-06-27 13:47:08.801 INFO  (qtp1757317128-43) [   ] o.a.s.s.HttpSolrCall [admin] webapp=null path=/admin/info/system params={wt=json&_=1593265295011} status=0 QTime=15
2020-06-27 13:47:08.808 INFO  (qtp1757317128-23) [   x:lyrics] o.a.s.c.S.Request [lyrics]  webapp=/solr path=/admin/ping params={action=status&wt=json&_=1593265295011&ts=1593265295011} status=503 QTime=0
2020-06-27 13:47:08.814 INFO  (qtp1757317128-19) [   x:lyrics] o.a.s.c.S.Request [lyrics]  webapp=/solr path=/admin/system params={wt=json&_=1593265305479} status=0 QTime=6
2020-06-27 13:47:12.582 INFO  (qtp1757317128-23) [   ] o.a.s.s.HttpSolrCall [admin] webapp=null path=/admin/cores params={indexInfo=false&wt=json&_=1593265295008} status=0 QTime=0
2020-06-27 13:47:12.584 INFO  (qtp1757317128-23) [   x:lyrics] o.a.s.c.S.Request [lyrics]  webapp=/solr path=/admin/luke params={show=schema&wt=json&_=1593265305478} status=0 QTime=1
2020-06-27 13:47:12.614 INFO  (qtp1757317128-44) [   ] o.a.s.s.HttpSolrCall [admin] webapp=null path=/admin/info/system params={wt=json&_=1593265295011} status=0 QTime=5
2020-06-27 13:47:13.845 INFO  (qtp1757317128-23) [   ] o.a.s.s.HttpSolrCall [admin] webapp=null path=/admin/cores params={indexInfo=false&wt=json&_=1593265295008} status=0 QTime=0
2020-06-27 13:47:13.857 INFO  (qtp1757317128-19) [   x:lyrics] o.a.s.c.S.Request [lyrics]  webapp=/solr path=/admin/mbeans params={cat=QUERY&wt=json&_=1593265320910} status=0 QTime=3
2020-06-27 13:47:13.880 INFO  (qtp1757317128-43) [   ] o.a.s.s.HttpSolrCall [admin] webapp=null path=/admin/info/system params={wt=json&_=1593265295011} status=0 QTime=26
2020-06-27 13:47:13.932 INFO  (qtp1757317128-44) [   ] o.a.s.s.HttpSolrCall [admin] webapp=null path=/admin/cores params={indexInfo=false&wt=json&_=1593265295008} status=0 QTime=0
2020-06-27 13:47:13.946 INFO  (qtp1757317128-15) [   ] o.a.s.s.HttpSolrCall [admin] webapp=null path=/admin/info/system params={wt=json&_=1593265295011} status=0 QTime=7
2020-06-27 13:47:13.953 INFO  (qtp1757317128-44) [   x:lyrics] o.a.s.c.S.Request [lyrics]  webapp=/solr path=/admin/mbeans params={cat=QUERY&wt=json&_=1593265320910} status=0 QTime=1
2020-06-27 13:47:17.762 INFO  (qtp1757317128-15) [   ] o.a.s.s.HttpSolrCall [admin] webapp=null path=/admin/cores params={indexInfo=false&wt=json&_=1593265295008} status=0 QTime=0
2020-06-27 13:47:17.769 INFO  (qtp1757317128-23) [   ] o.a.s.s.HttpSolrCall [admin] webapp=null path=/admin/info/system params={wt=json&_=1593265295011} status=0 QTime=7
2020-06-27 13:47:19.986 INFO  (qtp1757317128-23) [   x:lyrics] o.a.s.c.S.Request [lyrics]  webapp=/solr path=/select params={q=*:*&_=1593265405975} hits=804 status=0 QTime=2
